<?xml version="1.0" encoding="UTF-8"?>
<testng-results skipped="0" failed="0" ignored="0" total="4" passed="4">
  <reporter-output>
  </reporter-output>
  <suite name="webSuite" duration-ms="48658" started-at="2023-04-29T07:45:02Z" finished-at="2023-04-29T07:45:51Z">
    <groups>
    </groups>
    <test name="Data_Provider" duration-ms="48658" started-at="2023-04-29T07:45:02Z" finished-at="2023-04-29T07:45:51Z">
      <class name="Chaldal">
        <test-method status="PASS" signature="searchProduct(java.lang.String, java.lang.String, java.lang.String)[pri:0, instance:Chaldal@37883b97]" name="searchProduct" duration-ms="9045" started-at="2023-04-29T07:45:03Z" data-provider="data_provider" finished-at="2023-04-29T07:45:12Z">
          <params>
            <param index="0">
              <value>
                <![CDATA[Eggs]]>
              </value>
            </param>
            <param index="1">
              <value>
                <![CDATA[135.0]]>
              </value>
            </param>
            <param index="2">
              <value>
                <![CDATA[123.0]]>
              </value>
            </param>
          </params>
          <reporter-output>
          </reporter-output>
        </test-method> <!-- searchProduct -->
        <test-method status="PASS" signature="searchProduct(java.lang.String, java.lang.String, java.lang.String)[pri:0, instance:Chaldal@37883b97]" name="searchProduct" duration-ms="7275" started-at="2023-04-29T07:45:12Z" data-provider="data_provider" finished-at="2023-04-29T07:45:19Z">
          <params>
            <param index="0">
              <value>
                <![CDATA[Milk]]>
              </value>
            </param>
            <param index="1">
              <value>
                <![CDATA[90.0]]>
              </value>
            </param>
            <param index="2">
              <value>
                <![CDATA[234.0]]>
              </value>
            </param>
          </params>
          <reporter-output>
          </reporter-output>
        </test-method> <!-- searchProduct -->
        <test-method status="PASS" signature="searchProduct(java.lang.String, java.lang.String, java.lang.String)[pri:0, instance:Chaldal@37883b97]" name="searchProduct" duration-ms="10529" started-at="2023-04-29T07:45:19Z" data-provider="data_provider" finished-at="2023-04-29T07:45:30Z">
          <params>
            <param index="0">
              <value>
                <![CDATA[Rice]]>
              </value>
            </param>
            <param index="1">
              <value>
                <![CDATA[65.0]]>
              </value>
            </param>
            <param index="2">
              <value>
                <![CDATA[345.0]]>
              </value>
            </param>
          </params>
          <reporter-output>
          </reporter-output>
        </test-method> <!-- searchProduct -->
        <test-method status="PASS" signature="searchProduct(java.lang.String, java.lang.String, java.lang.String)[pri:0, instance:Chaldal@37883b97]" name="searchProduct" duration-ms="21103" started-at="2023-04-29T07:45:30Z" data-provider="data_provider" finished-at="2023-04-29T07:45:51Z">
          <params>
            <param index="0">
              <value>
                <![CDATA[Oil]]>
              </value>
            </param>
            <param index="1">
              <value>
                <![CDATA[187.0]]>
              </value>
            </param>
            <param index="2">
              <value>
                <![CDATA[456.0]]>
              </value>
            </param>
          </params>
          <reporter-output>
          </reporter-output>
        </test-method> <!-- searchProduct -->
      </class> <!-- Chaldal -->
    </test> <!-- Data_Provider -->
  </suite> <!-- webSuite -->
</testng-results>
